<?xml version="1.0" encoding="UTF-8"?>
<coverage generated="1656009921543" clover="3.2.0">
  <project timestamp="1656009921543" name="All files">
    <metrics statements="44" coveredstatements="43" conditionals="28" coveredconditionals="26" methods="11" coveredmethods="11" elements="83" coveredelements="80" complexity="0" loc="44" ncloc="44" packages="2" files="2" classes="2"/>
    <package name="BookDetailOrganism">
      <metrics statements="35" coveredstatements="34" conditionals="24" coveredconditionals="23" methods="9" coveredmethods="9"/>
      <file name="index.tsx" path="/home/shaiA/Desktop/pro/src/components/organisms/BookDetailOrganism/index.tsx">
        <metrics statements="35" coveredstatements="34" conditionals="24" coveredconditionals="23" methods="9" coveredmethods="9"/>
        <line num="10" count="2" type="stmt"/>
        <line num="107" count="2" type="stmt"/>
        <line num="111" count="16" type="stmt"/>
        <line num="112" count="15" type="stmt"/>
        <line num="113" count="15" type="stmt"/>
        <line num="114" count="15" type="stmt"/>
        <line num="116" count="15" type="cond" truecount="2" falsecount="0"/>
        <line num="119" count="28" type="cond" truecount="1" falsecount="1"/>
        <line num="120" count="0" type="stmt"/>
        <line num="124" count="15" type="stmt"/>
        <line num="125" count="15" type="stmt"/>
        <line num="126" count="15" type="stmt"/>
        <line num="127" count="15" type="stmt"/>
        <line num="128" count="15" type="stmt"/>
        <line num="130" count="15" type="cond" truecount="2" falsecount="0"/>
        <line num="131" count="14" type="stmt"/>
        <line num="132" count="14" type="stmt"/>
        <line num="133" count="14" type="stmt"/>
        <line num="134" count="14" type="stmt"/>
        <line num="136" count="15" type="stmt"/>
        <line num="138" count="15" type="stmt"/>
        <line num="139" count="1" type="stmt"/>
        <line num="140" count="1" type="stmt"/>
        <line num="141" count="1" type="stmt"/>
        <line num="143" count="15" type="stmt"/>
        <line num="144" count="1" type="stmt"/>
        <line num="145" count="1" type="stmt"/>
        <line num="146" count="1" type="stmt"/>
        <line num="148" count="15" type="stmt"/>
        <line num="149" count="45" type="stmt"/>
        <line num="161" count="15" type="stmt"/>
        <line num="201" count="1" type="stmt"/>
        <line num="211" count="1" type="stmt"/>
        <line num="220" count="1" type="stmt"/>
        <line num="229" count="1" type="stmt"/>
      </file>
    </package>
    <package name="footer">
      <metrics statements="9" coveredstatements="9" conditionals="4" coveredconditionals="3" methods="2" coveredmethods="2"/>
      <file name="index.tsx" path="/home/shaiA/Desktop/pro/src/components/organisms/footer/index.tsx">
        <metrics statements="9" coveredstatements="9" conditionals="4" coveredconditionals="3" methods="2" coveredmethods="2"/>
        <line num="4" count="4" type="stmt"/>
        <line num="5" count="4" type="stmt"/>
        <line num="50" count="4" type="stmt"/>
        <line num="51" count="16" type="cond" truecount="2" falsecount="0"/>
        <line num="52" count="4" type="stmt"/>
        <line num="59" count="12" type="cond" truecount="1" falsecount="1"/>
        <line num="60" count="12" type="stmt"/>
        <line num="73" count="4" type="stmt"/>
        <line num="74" count="4" type="stmt"/>
      </file>
    </package>
  </project>
</coverage>
