<?xml version="1.0" encoding="UTF-8"?>
<coverage generated="1655810524227" clover="3.2.0">
  <project timestamp="1655810524227" name="All files">
    <metrics statements="23" coveredstatements="22" conditionals="30" coveredconditionals="21" methods="15" coveredmethods="14" elements="68" coveredelements="57" complexity="0" loc="23" ncloc="23" packages="1" files="1" classes="1"/>
    <file name="index.tsx" path="/home/shaiA/Desktop/pro/src/components/organisms/EntrepreneurOrganism/index.tsx">
      <metrics statements="23" coveredstatements="22" conditionals="30" coveredconditionals="21" methods="15" coveredmethods="14"/>
      <line num="16" count="2" type="stmt"/>
      <line num="34" count="2" type="stmt"/>
      <line num="35" count="10" type="stmt"/>
      <line num="38" count="10" type="stmt"/>
      <line num="39" count="10" type="stmt"/>
      <line num="40" count="10" type="stmt"/>
      <line num="41" count="1" type="stmt"/>
      <line num="42" count="1" type="stmt"/>
      <line num="44" count="10" type="stmt"/>
      <line num="45" count="4" type="stmt"/>
      <line num="48" count="10" type="stmt"/>
      <line num="80" count="32" type="cond" truecount="2" falsecount="0"/>
      <line num="82" count="16" type="stmt"/>
      <line num="83" count="2" type="cond" truecount="1" falsecount="1"/>
      <line num="114" count="32" type="stmt"/>
      <line num="116" count="8" type="stmt"/>
      <line num="117" count="1" type="cond" truecount="1" falsecount="1"/>
      <line num="149" count="32" type="stmt"/>
      <line num="151" count="8" type="stmt"/>
      <line num="153" count="1" type="cond" truecount="1" falsecount="1"/>
      <line num="187" count="4" type="cond" truecount="2" falsecount="0"/>
      <line num="191" count="1" type="stmt"/>
      <line num="193" count="0" type="cond" truecount="0" falsecount="2"/>
    </file>
  </project>
</coverage>
