{"/home/shaiA/Desktop/pro/src/components/molecules/LogOUtButton/index.tsx": {"path":"/home/shaiA/Desktop/pro/src/components/molecules/LogOUtButton/index.tsx","statementMap":{"0":{"start":{"line":8,"column":21},"end":{"line":16,"column":1}},"1":{"start":{"line":9,"column":2},"end":{"line":15,"column":4}}},"fnMap":{"0":{"name":"(anonymous_0)","decl":{"start":{"line":8,"column":21},"end":{"line":8,"column":22}},"loc":{"start":{"line":8,"column":39},"end":{"line":16,"column":1}},"line":8}},"branchMap":{"0":{"loc":{"start":{"line":10,"column":4},"end":{"line":14,"column":5}},"type":"binary-expr","locations":[{"start":{"line":10,"column":4},"end":{"line":10,"column":16}},{"start":{"line":11,"column":6},"end":{"line":13,"column":15}}],"line":10}},"s":{"0":4,"1":0},"f":{"0":0},"b":{"0":[0,0]},"_coverageSchema":"1a1c01bbd47fc00a2c39e90264f33305004495a9","hash":"4e609e4c3ff0439aed291fae8e278c8aa8dc70ff"}
,"/home/shaiA/Desktop/pro/src/components/organisms/BookDetailOrganism/index.tsx": {"path":"/home/shaiA/Desktop/pro/src/components/organisms/BookDetailOrganism/index.tsx","statementMap":{"0":{"start":{"line":10,"column":18},"end":{"line":93,"column":2}},"1":{"start":{"line":107,"column":27},"end":{"line":296,"column":1}},"2":{"start":{"line":111,"column":19},"end":{"line":111,"column":32}},"3":{"start":{"line":112,"column":19},"end":{"line":112,"column":32}},"4":{"start":{"line":113,"column":14},"end":{"line":113,"column":28}},"5":{"start":{"line":114,"column":11},"end":{"line":114,"column":12}},"6":{"start":{"line":116,"column":2},"end":{"line":122,"column":7}},"7":{"start":{"line":119,"column":6},"end":{"line":121,"column":7}},"8":{"start":{"line":120,"column":8},"end":{"line":120,"column":22}},"9":{"start":{"line":124,"column":18},"end":{"line":124,"column":29}},"10":{"start":{"line":125,"column":13},"end":{"line":125,"column":15}},"11":{"start":{"line":126,"column":15},"end":{"line":126,"column":17}},"12":{"start":{"line":127,"column":17},"end":{"line":127,"column":19}},"13":{"start":{"line":128,"column":16},"end":{"line":128,"column":18}},"14":{"start":{"line":130,"column":2},"end":{"line":135,"column":3}},"15":{"start":{"line":131,"column":4},"end":{"line":131,"column":30}},"16":{"start":{"line":132,"column":4},"end":{"line":132,"column":39}},"17":{"start":{"line":133,"column":4},"end":{"line":133,"column":43}},"18":{"start":{"line":134,"column":4},"end":{"line":134,"column":41}},"19":{"start":{"line":136,"column":30},"end":{"line":136,"column":50}},"20":{"start":{"line":138,"column":23},"end":{"line":142,"column":3}},"21":{"start":{"line":139,"column":4},"end":{"line":139,"column":34}},"22":{"start":{"line":140,"column":4},"end":{"line":140,"column":38}},"23":{"start":{"line":141,"column":4},"end":{"line":141,"column":17}},"24":{"start":{"line":143,"column":21},"end":{"line":147,"column":3}},"25":{"start":{"line":144,"column":4},"end":{"line":144,"column":33}},"26":{"start":{"line":145,"column":4},"end":{"line":145,"column":38}},"27":{"start":{"line":146,"column":4},"end":{"line":146,"column":17}},"28":{"start":{"line":148,"column":21},"end":{"line":160,"column":3}},"29":{"start":{"line":149,"column":4},"end":{"line":159,"column":6}},"30":{"start":{"line":161,"column":2},"end":{"line":295,"column":4}},"31":{"start":{"line":201,"column":29},"end":{"line":201,"column":54}},"32":{"start":{"line":211,"column":16},"end":{"line":211,"column":38}},"33":{"start":{"line":220,"column":16},"end":{"line":220,"column":33}},"34":{"start":{"line":229,"column":16},"end":{"line":229,"column":35}}},"fnMap":{"0":{"name":"(anonymous_0)","decl":{"start":{"line":107,"column":27},"end":{"line":107,"column":28}},"loc":{"start":{"line":110,"column":6},"end":{"line":296,"column":1}},"line":110},"1":{"name":"(anonymous_1)","decl":{"start":{"line":118,"column":19},"end":{"line":118,"column":20}},"loc":{"start":{"line":118,"column":31},"end":{"line":122,"column":5}},"line":118},"2":{"name":"(anonymous_2)","decl":{"start":{"line":138,"column":23},"end":{"line":138,"column":24}},"loc":{"start":{"line":138,"column":29},"end":{"line":142,"column":3}},"line":138},"3":{"name":"(anonymous_3)","decl":{"start":{"line":143,"column":21},"end":{"line":143,"column":22}},"loc":{"start":{"line":143,"column":27},"end":{"line":147,"column":3}},"line":143},"4":{"name":"(anonymous_4)","decl":{"start":{"line":148,"column":21},"end":{"line":148,"column":22}},"loc":{"start":{"line":148,"column":40},"end":{"line":160,"column":3}},"line":148},"5":{"name":"(anonymous_5)","decl":{"start":{"line":201,"column":23},"end":{"line":201,"column":24}},"loc":{"start":{"line":201,"column":29},"end":{"line":201,"column":54}},"line":201},"6":{"name":"(anonymous_6)","decl":{"start":{"line":210,"column":23},"end":{"line":210,"column":24}},"loc":{"start":{"line":210,"column":29},"end":{"line":212,"column":15}},"line":210},"7":{"name":"(anonymous_7)","decl":{"start":{"line":219,"column":23},"end":{"line":219,"column":24}},"loc":{"start":{"line":219,"column":29},"end":{"line":221,"column":15}},"line":219},"8":{"name":"(anonymous_8)","decl":{"start":{"line":228,"column":23},"end":{"line":228,"column":24}},"loc":{"start":{"line":228,"column":29},"end":{"line":230,"column":15}},"line":228}},"branchMap":{"0":{"loc":{"start":{"line":116,"column":2},"end":{"line":122,"column":6}},"type":"binary-expr","locations":[{"start":{"line":116,"column":2},"end":{"line":116,"column":12}},{"start":{"line":118,"column":4},"end":{"line":122,"column":6}}],"line":116},"1":{"loc":{"start":{"line":119,"column":6},"end":{"line":121,"column":7}},"type":"if","locations":[{"start":{"line":119,"column":6},"end":{"line":121,"column":7}},{"start":{},"end":{}}],"line":119},"2":{"loc":{"start":{"line":130,"column":2},"end":{"line":135,"column":3}},"type":"if","locations":[{"start":{"line":130,"column":2},"end":{"line":135,"column":3}},{"start":{},"end":{}}],"line":130},"3":{"loc":{"start":{"line":165,"column":7},"end":{"line":176,"column":9}},"type":"binary-expr","locations":[{"start":{"line":165,"column":7},"end":{"line":165,"column":11}},{"start":{"line":167,"column":10},"end":{"line":174,"column":21}}],"line":165},"4":{"loc":{"start":{"line":208,"column":25},"end":{"line":208,"column":87}},"type":"cond-expr","locations":[{"start":{"line":208,"column":49},"end":{"line":208,"column":65}},{"start":{"line":208,"column":68},"end":{"line":208,"column":87}}],"line":208},"5":{"loc":{"start":{"line":217,"column":26},"end":{"line":217,"column":83}},"type":"cond-expr","locations":[{"start":{"line":217,"column":45},"end":{"line":217,"column":61}},{"start":{"line":217,"column":64},"end":{"line":217,"column":83}}],"line":217},"6":{"loc":{"start":{"line":226,"column":25},"end":{"line":226,"column":84}},"type":"cond-expr","locations":[{"start":{"line":226,"column":46},"end":{"line":226,"column":62}},{"start":{"line":226,"column":65},"end":{"line":226,"column":84}}],"line":226},"7":{"loc":{"start":{"line":242,"column":13},"end":{"line":244,"column":37}},"type":"cond-expr","locations":[{"start":{"line":243,"column":16},"end":{"line":243,"column":37}},{"start":{"line":244,"column":16},"end":{"line":244,"column":37}}],"line":242},"8":{"loc":{"start":{"line":245,"column":13},"end":{"line":247,"column":37}},"type":"cond-expr","locations":[{"start":{"line":246,"column":16},"end":{"line":246,"column":37}},{"start":{"line":247,"column":16},"end":{"line":247,"column":37}}],"line":245},"9":{"loc":{"start":{"line":248,"column":13},"end":{"line":250,"column":37}},"type":"cond-expr","locations":[{"start":{"line":249,"column":16},"end":{"line":249,"column":37}},{"start":{"line":250,"column":16},"end":{"line":250,"column":37}}],"line":248},"10":{"loc":{"start":{"line":253,"column":13},"end":{"line":268,"column":13}},"type":"cond-expr","locations":[{"start":{"line":254,"column":14},"end":{"line":265,"column":22}},{"start":{"line":267,"column":14},"end":{"line":267,"column":19}}],"line":253},"11":{"loc":{"start":{"line":269,"column":13},"end":{"line":279,"column":13}},"type":"cond-expr","locations":[{"start":{"line":270,"column":14},"end":{"line":276,"column":22}},{"start":{"line":278,"column":14},"end":{"line":278,"column":19}}],"line":269},"12":{"loc":{"start":{"line":280,"column":13},"end":{"line":290,"column":13}},"type":"cond-expr","locations":[{"start":{"line":281,"column":14},"end":{"line":287,"column":22}},{"start":{"line":289,"column":14},"end":{"line":289,"column":19}}],"line":280}},"s":{"0":2,"1":2,"2":15,"3":15,"4":15,"5":15,"6":15,"7":28,"8":0,"9":15,"10":15,"11":15,"12":15,"13":15,"14":15,"15":14,"16":14,"17":14,"18":14,"19":15,"20":15,"21":1,"22":1,"23":1,"24":15,"25":1,"26":1,"27":1,"28":15,"29":45,"30":15,"31":1,"32":1,"33":1,"34":1},"f":{"0":15,"1":28,"2":1,"3":1,"4":45,"5":1,"6":1,"7":1,"8":1},"b":{"0":[15,15],"1":[0,28],"2":[14,1],"3":[15,14],"4":[13,2],"5":[1,14],"6":[1,14],"7":[13,2],"8":[1,14],"9":[1,14],"10":[13,2],"11":[1,14],"12":[1,14]},"_coverageSchema":"1a1c01bbd47fc00a2c39e90264f33305004495a9","hash":"f8f80980e83258c35e653b6258c439212cb271b3"}
}
