{"/home/shaiA/Desktop/pro/src/components/atoms/icons/index.tsx": {"path":"/home/shaiA/Desktop/pro/src/components/atoms/icons/index.tsx","statementMap":{"0":{"start":{"line":4,"column":14},"end":{"line":13,"column":1}},"1":{"start":{"line":5,"column":2},"end":{"line":12,"column":4}}},"fnMap":{"0":{"name":"(anonymous_0)","decl":{"start":{"line":4,"column":14},"end":{"line":4,"column":15}},"loc":{"start":{"line":4,"column":34},"end":{"line":13,"column":1}},"line":4}},"branchMap":{},"s":{"0":5,"1":23},"f":{"0":23},"b":{},"_coverageSchema":"1a1c01bbd47fc00a2c39e90264f33305004495a9","hash":"5999a111544c24430e40edb6739e728d72cdb989"}
,"/home/shaiA/Desktop/pro/src/components/atoms/images/index.tsx": {"path":"/home/shaiA/Desktop/pro/src/components/atoms/images/index.tsx","statementMap":{"0":{"start":{"line":7,"column":14},"end":{"line":15,"column":1}},"1":{"start":{"line":8,"column":17},"end":{"line":11,"column":3}},"2":{"start":{"line":12,"column":2},"end":{"line":14,"column":4}}},"fnMap":{"0":{"name":"(anonymous_0)","decl":{"start":{"line":7,"column":14},"end":{"line":7,"column":15}},"loc":{"start":{"line":7,"column":34},"end":{"line":15,"column":1}},"line":7}},"branchMap":{},"s":{"0":10,"1":44,"2":44},"f":{"0":44},"b":{},"_coverageSchema":"1a1c01bbd47fc00a2c39e90264f33305004495a9","hash":"817d244150346d5c4b6745e354fb082df13d0391"}
,"/home/shaiA/Desktop/pro/src/components/atoms/text/index.tsx": {"path":"/home/shaiA/Desktop/pro/src/components/atoms/text/index.tsx","statementMap":{"0":{"start":{"line":14,"column":13},"end":{"line":32,"column":1}},"1":{"start":{"line":15,"column":20},"end":{"line":22,"column":4}},"2":{"start":{"line":23,"column":18},"end":{"line":23,"column":29}},"3":{"start":{"line":24,"column":2},"end":{"line":31,"column":4}}},"fnMap":{"0":{"name":"(anonymous_0)","decl":{"start":{"line":14,"column":13},"end":{"line":14,"column":14}},"loc":{"start":{"line":14,"column":33},"end":{"line":32,"column":1}},"line":14}},"branchMap":{},"s":{"0":13,"1":507,"2":507,"3":507},"f":{"0":507},"b":{},"_coverageSchema":"1a1c01bbd47fc00a2c39e90264f33305004495a9","hash":"eef340f680bcdbcf6a6597bde4b9f4707492072a"}
,"/home/shaiA/Desktop/pro/src/components/molecules/BookDetail/index.tsx": {"path":"/home/shaiA/Desktop/pro/src/components/molecules/BookDetail/index.tsx","statementMap":{"0":{"start":{"line":8,"column":18},"end":{"line":20,"column":2}},"1":{"start":{"line":21,"column":16},"end":{"line":99,"column":1}},"2":{"start":{"line":29,"column":18},"end":{"line":29,"column":38}},"3":{"start":{"line":30,"column":17},"end":{"line":30,"column":32}},"4":{"start":{"line":31,"column":18},"end":{"line":31,"column":29}},"5":{"start":{"line":32,"column":2},"end":{"line":98,"column":4}}},"fnMap":{"0":{"name":"(anonymous_0)","decl":{"start":{"line":21,"column":16},"end":{"line":21,"column":17}},"loc":{"start":{"line":28,"column":6},"end":{"line":99,"column":1}},"line":28}},"branchMap":{},"s":{"0":3,"1":3,"2":15,"3":15,"4":15,"5":15},"f":{"0":15},"b":{},"_coverageSchema":"1a1c01bbd47fc00a2c39e90264f33305004495a9","hash":"abea29586d9b4aaf0a997f1a85f9c2d7a38a5b89"}
,"/home/shaiA/Desktop/pro/src/components/molecules/LogOUtButton/index.tsx": {"path":"/home/shaiA/Desktop/pro/src/components/molecules/LogOUtButton/index.tsx","statementMap":{"0":{"start":{"line":8,"column":21},"end":{"line":16,"column":1}},"1":{"start":{"line":9,"column":2},"end":{"line":15,"column":4}}},"fnMap":{"0":{"name":"(anonymous_0)","decl":{"start":{"line":8,"column":21},"end":{"line":8,"column":22}},"loc":{"start":{"line":8,"column":39},"end":{"line":16,"column":1}},"line":8}},"branchMap":{"0":{"loc":{"start":{"line":10,"column":4},"end":{"line":14,"column":5}},"type":"binary-expr","locations":[{"start":{"line":10,"column":4},"end":{"line":10,"column":16}},{"start":{"line":11,"column":6},"end":{"line":13,"column":15}}],"line":10}},"s":{"0":4,"1":0},"f":{"0":0},"b":{"0":[0,0]},"_coverageSchema":"1a1c01bbd47fc00a2c39e90264f33305004495a9","hash":"4e609e4c3ff0439aed291fae8e278c8aa8dc70ff"}
,"/home/shaiA/Desktop/pro/src/components/molecules/LoginButton/index.tsx": {"path":"/home/shaiA/Desktop/pro/src/components/molecules/LoginButton/index.tsx","statementMap":{"0":{"start":{"line":6,"column":20},"end":{"line":16,"column":1}},"1":{"start":{"line":7,"column":32},"end":{"line":7,"column":42}},"2":{"start":{"line":8,"column":2},"end":{"line":15,"column":4}}},"fnMap":{"0":{"name":"(anonymous_0)","decl":{"start":{"line":6,"column":20},"end":{"line":6,"column":21}},"loc":{"start":{"line":6,"column":26},"end":{"line":16,"column":1}},"line":6}},"branchMap":{},"s":{"0":4,"1":11,"2":11},"f":{"0":11},"b":{},"_coverageSchema":"1a1c01bbd47fc00a2c39e90264f33305004495a9","hash":"c0e11347c12cc5d9709b1ad28efdc7fdff840fdd"}
,"/home/shaiA/Desktop/pro/src/components/molecules/ReadAgain/index.tsx": {"path":"/home/shaiA/Desktop/pro/src/components/molecules/ReadAgain/index.tsx","statementMap":{"0":{"start":{"line":5,"column":18},"end":{"line":40,"column":1}},"1":{"start":{"line":6,"column":20},"end":{"line":20,"column":4}},"2":{"start":{"line":21,"column":18},"end":{"line":21,"column":29}},"3":{"start":{"line":22,"column":2},"end":{"line":39,"column":4}}},"fnMap":{"0":{"name":"(anonymous_0)","decl":{"start":{"line":5,"column":18},"end":{"line":5,"column":19}},"loc":{"start":{"line":5,"column":24},"end":{"line":40,"column":1}},"line":5}},"branchMap":{},"s":{"0":5,"1":0,"2":0,"3":0},"f":{"0":0},"b":{},"_coverageSchema":"1a1c01bbd47fc00a2c39e90264f33305004495a9","hash":"0bc8299acb0606c878a68372f89c2607a853dd4c"}
,"/home/shaiA/Desktop/pro/src/components/molecules/banner/index.tsx": {"path":"/home/shaiA/Desktop/pro/src/components/molecules/banner/index.tsx","statementMap":{"0":{"start":{"line":5,"column":18},"end":{"line":29,"column":2}},"1":{"start":{"line":30,"column":15},"end":{"line":63,"column":1}},"2":{"start":{"line":31,"column":18},"end":{"line":31,"column":29}},"3":{"start":{"line":32,"column":2},"end":{"line":62,"column":4}}},"fnMap":{"0":{"name":"(anonymous_0)","decl":{"start":{"line":30,"column":15},"end":{"line":30,"column":16}},"loc":{"start":{"line":30,"column":21},"end":{"line":63,"column":1}},"line":30}},"branchMap":{},"s":{"0":3,"1":3,"2":13,"3":13},"f":{"0":13},"b":{},"_coverageSchema":"1a1c01bbd47fc00a2c39e90264f33305004495a9","hash":"a378538017f3202c8a45fb198fdf7b5cbadf8fa2"}
,"/home/shaiA/Desktop/pro/src/components/molecules/bookCard/index.tsx": {"path":"/home/shaiA/Desktop/pro/src/components/molecules/bookCard/index.tsx","statementMap":{"0":{"start":{"line":19,"column":18},"end":{"line":69,"column":2}},"1":{"start":{"line":70,"column":13},"end":{"line":144,"column":1}},"2":{"start":{"line":71,"column":18},"end":{"line":71,"column":29}},"3":{"start":{"line":73,"column":2},"end":{"line":75,"column":3}},"4":{"start":{"line":74,"column":4},"end":{"line":74,"column":31}},"5":{"start":{"line":76,"column":2},"end":{"line":78,"column":3}},"6":{"start":{"line":77,"column":4},"end":{"line":77,"column":35}},"7":{"start":{"line":79,"column":2},"end":{"line":81,"column":3}},"8":{"start":{"line":80,"column":4},"end":{"line":80,"column":37}},"9":{"start":{"line":82,"column":2},"end":{"line":84,"column":3}},"10":{"start":{"line":83,"column":4},"end":{"line":83,"column":41}},"11":{"start":{"line":85,"column":19},"end":{"line":85,"column":30}},"12":{"start":{"line":86,"column":2},"end":{"line":99,"column":3}},"13":{"start":{"line":87,"column":4},"end":{"line":98,"column":6}},"14":{"start":{"line":100,"column":2},"end":{"line":143,"column":4}}},"fnMap":{"0":{"name":"(anonymous_0)","decl":{"start":{"line":70,"column":13},"end":{"line":70,"column":14}},"loc":{"start":{"line":70,"column":33},"end":{"line":144,"column":1}},"line":70}},"branchMap":{"0":{"loc":{"start":{"line":73,"column":2},"end":{"line":75,"column":3}},"type":"if","locations":[{"start":{"line":73,"column":2},"end":{"line":75,"column":3}},{"start":{},"end":{}}],"line":73},"1":{"loc":{"start":{"line":76,"column":2},"end":{"line":78,"column":3}},"type":"if","locations":[{"start":{"line":76,"column":2},"end":{"line":78,"column":3}},{"start":{},"end":{}}],"line":76},"2":{"loc":{"start":{"line":79,"column":2},"end":{"line":81,"column":3}},"type":"if","locations":[{"start":{"line":79,"column":2},"end":{"line":81,"column":3}},{"start":{},"end":{}}],"line":79},"3":{"loc":{"start":{"line":82,"column":2},"end":{"line":84,"column":3}},"type":"if","locations":[{"start":{"line":82,"column":2},"end":{"line":84,"column":3}},{"start":{},"end":{}}],"line":82},"4":{"loc":{"start":{"line":86,"column":2},"end":{"line":99,"column":3}},"type":"if","locations":[{"start":{"line":86,"column":2},"end":{"line":99,"column":3}},{"start":{},"end":{}}],"line":86}},"s":{"0":5,"1":5,"2":42,"3":42,"4":4,"5":42,"6":5,"7":42,"8":0,"9":42,"10":33,"11":42,"12":42,"13":25,"14":42},"f":{"0":42},"b":{"0":[4,38],"1":[5,37],"2":[0,42],"3":[33,9],"4":[25,17]},"_coverageSchema":"1a1c01bbd47fc00a2c39e90264f33305004495a9","hash":"882daf9ffc8f2f737cb9b0ce74f7ad0c531f364e"}
,"/home/shaiA/Desktop/pro/src/components/molecules/finished/index.tsx": {"path":"/home/shaiA/Desktop/pro/src/components/molecules/finished/index.tsx","statementMap":{"0":{"start":{"line":6,"column":17},"end":{"line":51,"column":1}},"1":{"start":{"line":7,"column":20},"end":{"line":32,"column":4}},"2":{"start":{"line":33,"column":18},"end":{"line":33,"column":29}},"3":{"start":{"line":34,"column":2},"end":{"line":50,"column":4}}},"fnMap":{"0":{"name":"(anonymous_0)","decl":{"start":{"line":6,"column":17},"end":{"line":6,"column":18}},"loc":{"start":{"line":6,"column":23},"end":{"line":51,"column":1}},"line":6}},"branchMap":{},"s":{"0":5,"1":5,"2":5,"3":5},"f":{"0":5},"b":{},"_coverageSchema":"1a1c01bbd47fc00a2c39e90264f33305004495a9","hash":"dd039823e49aa7692234746594ea28339f9977c9"}
,"/home/shaiA/Desktop/pro/src/components/molecules/nonHoverButton/index.tsx": {"path":"/home/shaiA/Desktop/pro/src/components/molecules/nonHoverButton/index.tsx","statementMap":{"0":{"start":{"line":7,"column":20},"end":{"line":52,"column":1}},"1":{"start":{"line":8,"column":20},"end":{"line":37,"column":4}},"2":{"start":{"line":38,"column":18},"end":{"line":38,"column":29}},"3":{"start":{"line":40,"column":2},"end":{"line":51,"column":4}}},"fnMap":{"0":{"name":"(anonymous_0)","decl":{"start":{"line":7,"column":20},"end":{"line":7,"column":21}},"loc":{"start":{"line":7,"column":26},"end":{"line":52,"column":1}},"line":7}},"branchMap":{},"s":{"0":5,"1":33,"2":33,"3":33},"f":{"0":33},"b":{},"_coverageSchema":"1a1c01bbd47fc00a2c39e90264f33305004495a9","hash":"8b5d58eb22d6029bc4f4c49ac8af7a54a37d5624"}
,"/home/shaiA/Desktop/pro/src/components/molecules/normalCardBottom/index.tsx": {"path":"/home/shaiA/Desktop/pro/src/components/molecules/normalCardBottom/index.tsx","statementMap":{"0":{"start":{"line":6,"column":15},"end":{"line":57,"column":1}},"1":{"start":{"line":7,"column":20},"end":{"line":28,"column":4}},"2":{"start":{"line":29,"column":18},"end":{"line":29,"column":29}},"3":{"start":{"line":30,"column":2},"end":{"line":56,"column":4}}},"fnMap":{"0":{"name":"(anonymous_0)","decl":{"start":{"line":6,"column":15},"end":{"line":6,"column":16}},"loc":{"start":{"line":6,"column":21},"end":{"line":57,"column":1}},"line":6}},"branchMap":{},"s":{"0":5,"1":4,"2":4,"3":4},"f":{"0":4},"b":{},"_coverageSchema":"1a1c01bbd47fc00a2c39e90264f33305004495a9","hash":"c571cdb1a632b52ba3b51d1f1b667707f6a68c5a"}
,"/home/shaiA/Desktop/pro/src/components/organisms/Accounts/index.tsx": {"path":"/home/shaiA/Desktop/pro/src/components/organisms/Accounts/index.tsx","statementMap":{"0":{"start":{"line":9,"column":18},"end":{"line":27,"column":2}},"1":{"start":{"line":29,"column":18},"end":{"line":29,"column":29}},"2":{"start":{"line":30,"column":34},"end":{"line":32,"column":3}},"3":{"start":{"line":33,"column":15},"end":{"line":33,"column":32}},"4":{"start":{"line":34,"column":22},"end":{"line":36,"column":3}},"5":{"start":{"line":35,"column":4},"end":{"line":35,"column":37}},"6":{"start":{"line":37,"column":22},"end":{"line":39,"column":3}},"7":{"start":{"line":38,"column":4},"end":{"line":38,"column":22}},"8":{"start":{"line":40,"column":44},"end":{"line":40,"column":54}},"9":{"start":{"line":41,"column":2},"end":{"line":86,"column":4}}},"fnMap":{"0":{"name":"AccountMenu","decl":{"start":{"line":28,"column":24},"end":{"line":28,"column":35}},"loc":{"start":{"line":28,"column":38},"end":{"line":87,"column":1}},"line":28},"1":{"name":"(anonymous_1)","decl":{"start":{"line":34,"column":22},"end":{"line":34,"column":23}},"loc":{"start":{"line":34,"column":64},"end":{"line":36,"column":3}},"line":34},"2":{"name":"(anonymous_2)","decl":{"start":{"line":37,"column":22},"end":{"line":37,"column":23}},"loc":{"start":{"line":37,"column":28},"end":{"line":39,"column":3}},"line":37}},"branchMap":{"0":{"loc":{"start":{"line":49,"column":7},"end":{"line":67,"column":7}},"type":"cond-expr","locations":[{"start":{"line":50,"column":8},"end":{"line":63,"column":13}},{"start":{"line":66,"column":8},"end":{"line":66,"column":35}}],"line":49},"1":{"loc":{"start":{"line":77,"column":11},"end":{"line":82,"column":11}},"type":"binary-expr","locations":[{"start":{"line":77,"column":11},"end":{"line":77,"column":26}},{"start":{"line":78,"column":12},"end":{"line":81,"column":28}}],"line":77}},"s":{"0":4,"1":11,"2":11,"3":11,"4":11,"5":0,"6":11,"7":0,"8":11,"9":11},"f":{"0":11,"1":0,"2":0},"b":{"0":[0,11],"1":[11,0]},"_coverageSchema":"1a1c01bbd47fc00a2c39e90264f33305004495a9","hash":"b935f2c1353cb9f8df2dfa686b3083ab039301df"}
,"/home/shaiA/Desktop/pro/src/components/organisms/BookDetailOrganism/index.tsx": {"path":"/home/shaiA/Desktop/pro/src/components/organisms/BookDetailOrganism/index.tsx","statementMap":{"0":{"start":{"line":10,"column":18},"end":{"line":110,"column":2}},"1":{"start":{"line":124,"column":27},"end":{"line":317,"column":1}},"2":{"start":{"line":128,"column":19},"end":{"line":128,"column":32}},"3":{"start":{"line":129,"column":19},"end":{"line":129,"column":32}},"4":{"start":{"line":130,"column":14},"end":{"line":130,"column":28}},"5":{"start":{"line":131,"column":11},"end":{"line":131,"column":12}},"6":{"start":{"line":133,"column":2},"end":{"line":139,"column":7}},"7":{"start":{"line":136,"column":6},"end":{"line":138,"column":7}},"8":{"start":{"line":137,"column":8},"end":{"line":137,"column":22}},"9":{"start":{"line":141,"column":18},"end":{"line":141,"column":29}},"10":{"start":{"line":142,"column":13},"end":{"line":142,"column":15}},"11":{"start":{"line":143,"column":15},"end":{"line":143,"column":17}},"12":{"start":{"line":144,"column":17},"end":{"line":144,"column":19}},"13":{"start":{"line":145,"column":16},"end":{"line":145,"column":18}},"14":{"start":{"line":147,"column":2},"end":{"line":152,"column":3}},"15":{"start":{"line":148,"column":4},"end":{"line":148,"column":30}},"16":{"start":{"line":149,"column":4},"end":{"line":149,"column":39}},"17":{"start":{"line":150,"column":4},"end":{"line":150,"column":43}},"18":{"start":{"line":151,"column":4},"end":{"line":151,"column":41}},"19":{"start":{"line":153,"column":30},"end":{"line":153,"column":50}},"20":{"start":{"line":155,"column":23},"end":{"line":159,"column":3}},"21":{"start":{"line":156,"column":4},"end":{"line":156,"column":34}},"22":{"start":{"line":157,"column":4},"end":{"line":157,"column":38}},"23":{"start":{"line":158,"column":4},"end":{"line":158,"column":17}},"24":{"start":{"line":160,"column":21},"end":{"line":164,"column":3}},"25":{"start":{"line":161,"column":4},"end":{"line":161,"column":33}},"26":{"start":{"line":162,"column":4},"end":{"line":162,"column":38}},"27":{"start":{"line":163,"column":4},"end":{"line":163,"column":17}},"28":{"start":{"line":165,"column":21},"end":{"line":179,"column":3}},"29":{"start":{"line":166,"column":4},"end":{"line":178,"column":6}},"30":{"start":{"line":180,"column":2},"end":{"line":316,"column":4}},"31":{"start":{"line":222,"column":29},"end":{"line":222,"column":54}},"32":{"start":{"line":232,"column":16},"end":{"line":232,"column":38}},"33":{"start":{"line":241,"column":16},"end":{"line":241,"column":33}},"34":{"start":{"line":250,"column":16},"end":{"line":250,"column":35}}},"fnMap":{"0":{"name":"(anonymous_0)","decl":{"start":{"line":124,"column":27},"end":{"line":124,"column":28}},"loc":{"start":{"line":127,"column":6},"end":{"line":317,"column":1}},"line":127},"1":{"name":"(anonymous_1)","decl":{"start":{"line":135,"column":19},"end":{"line":135,"column":20}},"loc":{"start":{"line":135,"column":31},"end":{"line":139,"column":5}},"line":135},"2":{"name":"(anonymous_2)","decl":{"start":{"line":155,"column":23},"end":{"line":155,"column":24}},"loc":{"start":{"line":155,"column":29},"end":{"line":159,"column":3}},"line":155},"3":{"name":"(anonymous_3)","decl":{"start":{"line":160,"column":21},"end":{"line":160,"column":22}},"loc":{"start":{"line":160,"column":27},"end":{"line":164,"column":3}},"line":160},"4":{"name":"(anonymous_4)","decl":{"start":{"line":165,"column":21},"end":{"line":165,"column":22}},"loc":{"start":{"line":165,"column":40},"end":{"line":179,"column":3}},"line":165},"5":{"name":"(anonymous_5)","decl":{"start":{"line":222,"column":23},"end":{"line":222,"column":24}},"loc":{"start":{"line":222,"column":29},"end":{"line":222,"column":54}},"line":222},"6":{"name":"(anonymous_6)","decl":{"start":{"line":231,"column":23},"end":{"line":231,"column":24}},"loc":{"start":{"line":231,"column":29},"end":{"line":233,"column":15}},"line":231},"7":{"name":"(anonymous_7)","decl":{"start":{"line":240,"column":23},"end":{"line":240,"column":24}},"loc":{"start":{"line":240,"column":29},"end":{"line":242,"column":15}},"line":240},"8":{"name":"(anonymous_8)","decl":{"start":{"line":249,"column":23},"end":{"line":249,"column":24}},"loc":{"start":{"line":249,"column":29},"end":{"line":251,"column":15}},"line":249}},"branchMap":{"0":{"loc":{"start":{"line":133,"column":2},"end":{"line":139,"column":6}},"type":"binary-expr","locations":[{"start":{"line":133,"column":2},"end":{"line":133,"column":12}},{"start":{"line":135,"column":4},"end":{"line":139,"column":6}}],"line":133},"1":{"loc":{"start":{"line":136,"column":6},"end":{"line":138,"column":7}},"type":"if","locations":[{"start":{"line":136,"column":6},"end":{"line":138,"column":7}},{"start":{},"end":{}}],"line":136},"2":{"loc":{"start":{"line":147,"column":2},"end":{"line":152,"column":3}},"type":"if","locations":[{"start":{"line":147,"column":2},"end":{"line":152,"column":3}},{"start":{},"end":{}}],"line":147},"3":{"loc":{"start":{"line":184,"column":7},"end":{"line":196,"column":9}},"type":"binary-expr","locations":[{"start":{"line":184,"column":7},"end":{"line":184,"column":11}},{"start":{"line":187,"column":10},"end":{"line":194,"column":21}}],"line":184},"4":{"loc":{"start":{"line":229,"column":25},"end":{"line":229,"column":87}},"type":"cond-expr","locations":[{"start":{"line":229,"column":49},"end":{"line":229,"column":65}},{"start":{"line":229,"column":68},"end":{"line":229,"column":87}}],"line":229},"5":{"loc":{"start":{"line":238,"column":26},"end":{"line":238,"column":83}},"type":"cond-expr","locations":[{"start":{"line":238,"column":45},"end":{"line":238,"column":61}},{"start":{"line":238,"column":64},"end":{"line":238,"column":83}}],"line":238},"6":{"loc":{"start":{"line":247,"column":25},"end":{"line":247,"column":84}},"type":"cond-expr","locations":[{"start":{"line":247,"column":46},"end":{"line":247,"column":62}},{"start":{"line":247,"column":65},"end":{"line":247,"column":84}}],"line":247},"7":{"loc":{"start":{"line":263,"column":13},"end":{"line":265,"column":37}},"type":"cond-expr","locations":[{"start":{"line":264,"column":16},"end":{"line":264,"column":37}},{"start":{"line":265,"column":16},"end":{"line":265,"column":37}}],"line":263},"8":{"loc":{"start":{"line":266,"column":13},"end":{"line":268,"column":37}},"type":"cond-expr","locations":[{"start":{"line":267,"column":16},"end":{"line":267,"column":37}},{"start":{"line":268,"column":16},"end":{"line":268,"column":37}}],"line":266},"9":{"loc":{"start":{"line":269,"column":13},"end":{"line":271,"column":37}},"type":"cond-expr","locations":[{"start":{"line":270,"column":16},"end":{"line":270,"column":37}},{"start":{"line":271,"column":16},"end":{"line":271,"column":37}}],"line":269},"10":{"loc":{"start":{"line":274,"column":13},"end":{"line":289,"column":13}},"type":"cond-expr","locations":[{"start":{"line":275,"column":14},"end":{"line":286,"column":22}},{"start":{"line":288,"column":14},"end":{"line":288,"column":19}}],"line":274},"11":{"loc":{"start":{"line":290,"column":13},"end":{"line":300,"column":13}},"type":"cond-expr","locations":[{"start":{"line":291,"column":14},"end":{"line":297,"column":22}},{"start":{"line":299,"column":14},"end":{"line":299,"column":19}}],"line":290},"12":{"loc":{"start":{"line":301,"column":13},"end":{"line":311,"column":13}},"type":"cond-expr","locations":[{"start":{"line":302,"column":14},"end":{"line":308,"column":22}},{"start":{"line":310,"column":14},"end":{"line":310,"column":19}}],"line":301}},"s":{"0":2,"1":2,"2":15,"3":15,"4":15,"5":15,"6":15,"7":28,"8":0,"9":15,"10":15,"11":15,"12":15,"13":15,"14":15,"15":14,"16":14,"17":14,"18":14,"19":15,"20":15,"21":1,"22":1,"23":1,"24":15,"25":1,"26":1,"27":1,"28":15,"29":45,"30":15,"31":1,"32":1,"33":1,"34":1},"f":{"0":15,"1":28,"2":1,"3":1,"4":45,"5":1,"6":1,"7":1,"8":1},"b":{"0":[15,15],"1":[0,28],"2":[14,1],"3":[15,14],"4":[13,2],"5":[1,14],"6":[1,14],"7":[13,2],"8":[1,14],"9":[1,14],"10":[13,2],"11":[1,14],"12":[1,14]},"_coverageSchema":"1a1c01bbd47fc00a2c39e90264f33305004495a9","hash":"642a458002e148966c09f52bb531f49bd56d9a44"}
,"/home/shaiA/Desktop/pro/src/components/organisms/EntrepreneurOrganism/index.tsx": {"path":"/home/shaiA/Desktop/pro/src/components/organisms/EntrepreneurOrganism/index.tsx","statementMap":{"0":{"start":{"line":17,"column":18},"end":{"line":48,"column":2}},"1":{"start":{"line":50,"column":29},"end":{"line":245,"column":1}},"2":{"start":{"line":51,"column":28},"end":{"line":51,"column":40}},"3":{"start":{"line":54,"column":18},"end":{"line":54,"column":29}},"4":{"start":{"line":55,"column":19},"end":{"line":55,"column":32}},"5":{"start":{"line":56,"column":23},"end":{"line":59,"column":3}},"6":{"start":{"line":57,"column":16},"end":{"line":57,"column":44}},"7":{"start":{"line":58,"column":4},"end":{"line":58,"column":18}},"8":{"start":{"line":60,"column":23},"end":{"line":62,"column":3}},"9":{"start":{"line":61,"column":4},"end":{"line":61,"column":59}},"10":{"start":{"line":64,"column":2},"end":{"line":244,"column":4}},"11":{"start":{"line":102,"column":40},"end":{"line":102,"column":59}},"12":{"start":{"line":104,"column":22},"end":{"line":124,"column":29}},"13":{"start":{"line":106,"column":40},"end":{"line":106,"column":75}},"14":{"start":{"line":140,"column":40},"end":{"line":140,"column":46}},"15":{"start":{"line":142,"column":22},"end":{"line":164,"column":29}},"16":{"start":{"line":143,"column":39},"end":{"line":143,"column":74}},"17":{"start":{"line":177,"column":40},"end":{"line":177,"column":47}},"18":{"start":{"line":179,"column":22},"end":{"line":201,"column":29}},"19":{"start":{"line":181,"column":39},"end":{"line":181,"column":74}},"20":{"start":{"line":213,"column":22},"end":{"line":214,"column":62}},"21":{"start":{"line":217,"column":20},"end":{"line":237,"column":27}},"22":{"start":{"line":219,"column":37},"end":{"line":219,"column":72}}},"fnMap":{"0":{"name":"(anonymous_0)","decl":{"start":{"line":50,"column":29},"end":{"line":50,"column":30}},"loc":{"start":{"line":50,"column":69},"end":{"line":245,"column":1}},"line":50},"1":{"name":"(anonymous_1)","decl":{"start":{"line":56,"column":23},"end":{"line":56,"column":24}},"loc":{"start":{"line":56,"column":67},"end":{"line":59,"column":3}},"line":56},"2":{"name":"(anonymous_2)","decl":{"start":{"line":60,"column":23},"end":{"line":60,"column":24}},"loc":{"start":{"line":60,"column":35},"end":{"line":62,"column":3}},"line":60},"3":{"name":"(anonymous_3)","decl":{"start":{"line":102,"column":28},"end":{"line":102,"column":29}},"loc":{"start":{"line":102,"column":40},"end":{"line":102,"column":59}},"line":102},"4":{"name":"(anonymous_4)","decl":{"start":{"line":103,"column":25},"end":{"line":103,"column":26}},"loc":{"start":{"line":104,"column":22},"end":{"line":124,"column":29}},"line":104},"5":{"name":"(anonymous_5)","decl":{"start":{"line":106,"column":34},"end":{"line":106,"column":35}},"loc":{"start":{"line":106,"column":40},"end":{"line":106,"column":75}},"line":106},"6":{"name":"(anonymous_6)","decl":{"start":{"line":140,"column":28},"end":{"line":140,"column":29}},"loc":{"start":{"line":140,"column":40},"end":{"line":140,"column":46}},"line":140},"7":{"name":"(anonymous_7)","decl":{"start":{"line":141,"column":25},"end":{"line":141,"column":26}},"loc":{"start":{"line":142,"column":22},"end":{"line":164,"column":29}},"line":142},"8":{"name":"(anonymous_8)","decl":{"start":{"line":143,"column":33},"end":{"line":143,"column":34}},"loc":{"start":{"line":143,"column":39},"end":{"line":143,"column":74}},"line":143},"9":{"name":"(anonymous_9)","decl":{"start":{"line":177,"column":28},"end":{"line":177,"column":29}},"loc":{"start":{"line":177,"column":40},"end":{"line":177,"column":47}},"line":177},"10":{"name":"(anonymous_10)","decl":{"start":{"line":178,"column":25},"end":{"line":178,"column":26}},"loc":{"start":{"line":179,"column":22},"end":{"line":201,"column":29}},"line":179},"11":{"name":"(anonymous_11)","decl":{"start":{"line":181,"column":33},"end":{"line":181,"column":34}},"loc":{"start":{"line":181,"column":39},"end":{"line":181,"column":74}},"line":181},"12":{"name":"(anonymous_12)","decl":{"start":{"line":212,"column":20},"end":{"line":212,"column":21}},"loc":{"start":{"line":213,"column":22},"end":{"line":214,"column":62}},"line":213},"13":{"name":"(anonymous_13)","decl":{"start":{"line":216,"column":23},"end":{"line":216,"column":24}},"loc":{"start":{"line":217,"column":20},"end":{"line":237,"column":27}},"line":217},"14":{"name":"(anonymous_14)","decl":{"start":{"line":219,"column":31},"end":{"line":219,"column":32}},"loc":{"start":{"line":219,"column":37},"end":{"line":219,"column":72}},"line":219}},"branchMap":{"0":{"loc":{"start":{"line":89,"column":9},"end":{"line":241,"column":9}},"type":"cond-expr","locations":[{"start":{"line":90,"column":10},"end":{"line":205,"column":16}},{"start":{"line":207,"column":10},"end":{"line":240,"column":16}}],"line":89},"1":{"loc":{"start":{"line":100,"column":17},"end":{"line":125,"column":22}},"type":"binary-expr","locations":[{"start":{"line":100,"column":17},"end":{"line":100,"column":27}},{"start":{"line":101,"column":18},"end":{"line":125,"column":22}}],"line":100},"2":{"loc":{"start":{"line":102,"column":40},"end":{"line":102,"column":59}},"type":"binary-expr","locations":[{"start":{"line":102,"column":40},"end":{"line":102,"column":47}},{"start":{"line":102,"column":51},"end":{"line":102,"column":59}}],"line":102},"3":{"loc":{"start":{"line":106,"column":40},"end":{"line":106,"column":75}},"type":"cond-expr","locations":[{"start":{"line":106,"column":56},"end":{"line":106,"column":58}},{"start":{"line":106,"column":60},"end":{"line":106,"column":75}}],"line":106},"4":{"loc":{"start":{"line":116,"column":36},"end":{"line":116,"column":74}},"type":"cond-expr","locations":[{"start":{"line":116,"column":52},"end":{"line":116,"column":60}},{"start":{"line":116,"column":63},"end":{"line":116,"column":74}}],"line":116},"5":{"loc":{"start":{"line":138,"column":17},"end":{"line":165,"column":22}},"type":"binary-expr","locations":[{"start":{"line":138,"column":17},"end":{"line":138,"column":27}},{"start":{"line":139,"column":18},"end":{"line":165,"column":22}}],"line":138},"6":{"loc":{"start":{"line":143,"column":39},"end":{"line":143,"column":74}},"type":"cond-expr","locations":[{"start":{"line":143,"column":55},"end":{"line":143,"column":57}},{"start":{"line":143,"column":59},"end":{"line":143,"column":74}}],"line":143},"7":{"loc":{"start":{"line":154,"column":36},"end":{"line":154,"column":74}},"type":"cond-expr","locations":[{"start":{"line":154,"column":52},"end":{"line":154,"column":60}},{"start":{"line":154,"column":63},"end":{"line":154,"column":74}}],"line":154},"8":{"loc":{"start":{"line":175,"column":17},"end":{"line":202,"column":22}},"type":"binary-expr","locations":[{"start":{"line":175,"column":17},"end":{"line":175,"column":27}},{"start":{"line":176,"column":18},"end":{"line":202,"column":22}}],"line":175},"9":{"loc":{"start":{"line":181,"column":39},"end":{"line":181,"column":74}},"type":"cond-expr","locations":[{"start":{"line":181,"column":55},"end":{"line":181,"column":57}},{"start":{"line":181,"column":59},"end":{"line":181,"column":74}}],"line":181},"10":{"loc":{"start":{"line":190,"column":36},"end":{"line":190,"column":74}},"type":"cond-expr","locations":[{"start":{"line":190,"column":52},"end":{"line":190,"column":60}},{"start":{"line":190,"column":63},"end":{"line":190,"column":74}}],"line":190},"11":{"loc":{"start":{"line":209,"column":15},"end":{"line":238,"column":20}},"type":"binary-expr","locations":[{"start":{"line":209,"column":15},"end":{"line":209,"column":25}},{"start":{"line":210,"column":16},"end":{"line":238,"column":20}}],"line":209},"12":{"loc":{"start":{"line":213,"column":22},"end":{"line":214,"column":62}},"type":"binary-expr","locations":[{"start":{"line":213,"column":22},"end":{"line":213,"column":64}},{"start":{"line":214,"column":22},"end":{"line":214,"column":62}}],"line":213},"13":{"loc":{"start":{"line":219,"column":37},"end":{"line":219,"column":72}},"type":"cond-expr","locations":[{"start":{"line":219,"column":53},"end":{"line":219,"column":55}},{"start":{"line":219,"column":57},"end":{"line":219,"column":72}}],"line":219},"14":{"loc":{"start":{"line":227,"column":32},"end":{"line":227,"column":70}},"type":"cond-expr","locations":[{"start":{"line":227,"column":48},"end":{"line":227,"column":56}},{"start":{"line":227,"column":59},"end":{"line":227,"column":70}}],"line":227}},"s":{"0":2,"1":2,"2":10,"3":10,"4":10,"5":10,"6":1,"7":1,"8":10,"9":4,"10":10,"11":32,"12":16,"13":2,"14":32,"15":8,"16":1,"17":32,"18":8,"19":1,"20":4,"21":1,"22":0},"f":{"0":10,"1":1,"2":4,"3":32,"4":16,"5":2,"6":32,"7":8,"8":1,"9":32,"10":8,"11":1,"12":4,"13":1,"14":0},"b":{"0":[9,1],"1":[9,9],"2":[32,24],"3":[0,2],"4":[0,16],"5":[9,9],"6":[0,1],"7":[0,8],"8":[9,9],"9":[0,1],"10":[0,8],"11":[1,1],"12":[4,4],"13":[0,0],"14":[0,1]},"_coverageSchema":"1a1c01bbd47fc00a2c39e90264f33305004495a9","hash":"c782ffaf7043cbc9af114fd2294f7dba04410158"}
,"/home/shaiA/Desktop/pro/src/components/organisms/footer/index.tsx": {"path":"/home/shaiA/Desktop/pro/src/components/organisms/footer/index.tsx","statementMap":{"0":{"start":{"line":4,"column":15},"end":{"line":149,"column":1}},"1":{"start":{"line":5,"column":20},"end":{"line":55,"column":4}},"2":{"start":{"line":56,"column":15},"end":{"line":78,"column":3}},"3":{"start":{"line":57,"column":4},"end":{"line":64,"column":5}},"4":{"start":{"line":58,"column":6},"end":{"line":63,"column":8}},"5":{"start":{"line":65,"column":4},"end":{"line":77,"column":5}},"6":{"start":{"line":66,"column":6},"end":{"line":76,"column":8}},"7":{"start":{"line":79,"column":18},"end":{"line":79,"column":29}},"8":{"start":{"line":80,"column":2},"end":{"line":148,"column":4}}},"fnMap":{"0":{"name":"(anonymous_0)","decl":{"start":{"line":4,"column":15},"end":{"line":4,"column":16}},"loc":{"start":{"line":4,"column":21},"end":{"line":149,"column":1}},"line":4},"1":{"name":"(anonymous_1)","decl":{"start":{"line":56,"column":15},"end":{"line":56,"column":16}},"loc":{"start":{"line":56,"column":52},"end":{"line":78,"column":3}},"line":56}},"branchMap":{"0":{"loc":{"start":{"line":57,"column":4},"end":{"line":64,"column":5}},"type":"if","locations":[{"start":{"line":57,"column":4},"end":{"line":64,"column":5}},{"start":{},"end":{}}],"line":57},"1":{"loc":{"start":{"line":65,"column":4},"end":{"line":77,"column":5}},"type":"if","locations":[{"start":{"line":65,"column":4},"end":{"line":77,"column":5}},{"start":{},"end":{}}],"line":65}},"s":{"0":4,"1":4,"2":4,"3":16,"4":4,"5":12,"6":12,"7":4,"8":4},"f":{"0":4,"1":16},"b":{"0":[4,12],"1":[12,0]},"_coverageSchema":"1a1c01bbd47fc00a2c39e90264f33305004495a9","hash":"95ce86a9aa0bb4a954df2b41556313e580ea7429"}
,"/home/shaiA/Desktop/pro/src/components/organisms/header/index.tsx": {"path":"/home/shaiA/Desktop/pro/src/components/organisms/header/index.tsx","statementMap":{"0":{"start":{"line":11,"column":15},"end":{"line":115,"column":1}},"1":{"start":{"line":12,"column":28},"end":{"line":12,"column":43}},"2":{"start":{"line":13,"column":19},"end":{"line":13,"column":32}},"3":{"start":{"line":15,"column":20},"end":{"line":45,"column":4}},"4":{"start":{"line":46,"column":18},"end":{"line":46,"column":29}},"5":{"start":{"line":48,"column":2},"end":{"line":114,"column":4}},"6":{"start":{"line":54,"column":34},"end":{"line":54,"column":47}},"7":{"start":{"line":73,"column":18},"end":{"line":73,"column":58}},"8":{"start":{"line":92,"column":31},"end":{"line":92,"column":44}}},"fnMap":{"0":{"name":"(anonymous_0)","decl":{"start":{"line":11,"column":15},"end":{"line":11,"column":16}},"loc":{"start":{"line":11,"column":21},"end":{"line":115,"column":1}},"line":11},"1":{"name":"(anonymous_1)","decl":{"start":{"line":54,"column":28},"end":{"line":54,"column":29}},"loc":{"start":{"line":54,"column":34},"end":{"line":54,"column":47}},"line":54},"2":{"name":"(anonymous_2)","decl":{"start":{"line":72,"column":25},"end":{"line":72,"column":26}},"loc":{"start":{"line":73,"column":18},"end":{"line":73,"column":58}},"line":73},"3":{"name":"(anonymous_3)","decl":{"start":{"line":92,"column":25},"end":{"line":92,"column":26}},"loc":{"start":{"line":92,"column":31},"end":{"line":92,"column":44}},"line":92}},"branchMap":{"0":{"loc":{"start":{"line":73,"column":18},"end":{"line":73,"column":58}},"type":"cond-expr","locations":[{"start":{"line":73,"column":26},"end":{"line":73,"column":41}},{"start":{"line":73,"column":44},"end":{"line":73,"column":58}}],"line":73},"1":{"loc":{"start":{"line":106,"column":7},"end":{"line":112,"column":7}},"type":"cond-expr","locations":[{"start":{"line":107,"column":8},"end":{"line":109,"column":14}},{"start":{"line":111,"column":8},"end":{"line":111,"column":19}}],"line":106}},"s":{"0":4,"1":11,"2":11,"3":11,"4":11,"5":11,"6":1,"7":1,"8":1},"f":{"0":11,"1":1,"2":1,"3":1},"b":{"0":[0,1],"1":[1,10]},"_coverageSchema":"1a1c01bbd47fc00a2c39e90264f33305004495a9","hash":"d279ab2e05d4d3491f227af5bba17aa0da171864"}
,"/home/shaiA/Desktop/pro/src/components/organisms/headerPopup/index.tsx": {"path":"/home/shaiA/Desktop/pro/src/components/organisms/headerPopup/index.tsx","statementMap":{"0":{"start":{"line":20,"column":20},"end":{"line":337,"column":1}},"1":{"start":{"line":21,"column":19},"end":{"line":21,"column":32}},"2":{"start":{"line":22,"column":20},"end":{"line":56,"column":4}},"3":{"start":{"line":57,"column":18},"end":{"line":57,"column":29}},"4":{"start":{"line":58,"column":2},"end":{"line":336,"column":4}},"5":{"start":{"line":108,"column":29},"end":{"line":108,"column":54}}},"fnMap":{"0":{"name":"(anonymous_0)","decl":{"start":{"line":20,"column":20},"end":{"line":20,"column":21}},"loc":{"start":{"line":20,"column":26},"end":{"line":337,"column":1}},"line":20},"1":{"name":"(anonymous_1)","decl":{"start":{"line":108,"column":23},"end":{"line":108,"column":24}},"loc":{"start":{"line":108,"column":29},"end":{"line":108,"column":54}},"line":108}},"branchMap":{},"s":{"0":5,"1":4,"2":4,"3":4,"4":4,"5":1},"f":{"0":4,"1":1},"b":{},"_coverageSchema":"1a1c01bbd47fc00a2c39e90264f33305004495a9","hash":"e17af82ee66efff83cf8df9717a944a628772b75"}
,"/home/shaiA/Desktop/pro/src/components/organisms/myLibrary/index.tsx": {"path":"/home/shaiA/Desktop/pro/src/components/organisms/myLibrary/index.tsx","statementMap":{"0":{"start":{"line":10,"column":18},"end":{"line":42,"column":2}},"1":{"start":{"line":57,"column":26},"end":{"line":207,"column":1}},"2":{"start":{"line":58,"column":18},"end":{"line":58,"column":29}},"3":{"start":{"line":59,"column":36},"end":{"line":59,"column":50}},"4":{"start":{"line":60,"column":32},"end":{"line":60,"column":47}},"5":{"start":{"line":62,"column":2},"end":{"line":71,"column":3}},"6":{"start":{"line":63,"column":4},"end":{"line":66,"column":6}},"7":{"start":{"line":68,"column":4},"end":{"line":70,"column":6}},"8":{"start":{"line":72,"column":19},"end":{"line":72,"column":32}},"9":{"start":{"line":73,"column":22},"end":{"line":75,"column":3}},"10":{"start":{"line":74,"column":4},"end":{"line":74,"column":58}},"11":{"start":{"line":77,"column":23},"end":{"line":100,"column":3}},"12":{"start":{"line":78,"column":4},"end":{"line":99,"column":6}},"13":{"start":{"line":87,"column":28},"end":{"line":87,"column":42}},"14":{"start":{"line":101,"column":2},"end":{"line":206,"column":4}},"15":{"start":{"line":117,"column":14},"end":{"line":117,"column":33}},"16":{"start":{"line":118,"column":14},"end":{"line":118,"column":31}},"17":{"start":{"line":144,"column":14},"end":{"line":144,"column":34}},"18":{"start":{"line":145,"column":14},"end":{"line":145,"column":30}},"19":{"start":{"line":195,"column":15},"end":{"line":197,"column":17}},"20":{"start":{"line":196,"column":18},"end":{"line":196,"column":66}},"21":{"start":{"line":198,"column":16},"end":{"line":200,"column":17}},"22":{"start":{"line":199,"column":18},"end":{"line":199,"column":67}}},"fnMap":{"0":{"name":"(anonymous_0)","decl":{"start":{"line":57,"column":26},"end":{"line":57,"column":27}},"loc":{"start":{"line":57,"column":69},"end":{"line":207,"column":1}},"line":57},"1":{"name":"(anonymous_1)","decl":{"start":{"line":73,"column":22},"end":{"line":73,"column":23}},"loc":{"start":{"line":73,"column":34},"end":{"line":75,"column":3}},"line":73},"2":{"name":"(anonymous_2)","decl":{"start":{"line":77,"column":23},"end":{"line":77,"column":24}},"loc":{"start":{"line":77,"column":49},"end":{"line":100,"column":3}},"line":77},"3":{"name":"(anonymous_3)","decl":{"start":{"line":87,"column":22},"end":{"line":87,"column":23}},"loc":{"start":{"line":87,"column":28},"end":{"line":87,"column":42}},"line":87},"4":{"name":"(anonymous_4)","decl":{"start":{"line":116,"column":21},"end":{"line":116,"column":22}},"loc":{"start":{"line":116,"column":27},"end":{"line":119,"column":13}},"line":116},"5":{"name":"(anonymous_5)","decl":{"start":{"line":143,"column":21},"end":{"line":143,"column":22}},"loc":{"start":{"line":143,"column":27},"end":{"line":146,"column":13}},"line":143},"6":{"name":"(anonymous_6)","decl":{"start":{"line":194,"column":29},"end":{"line":194,"column":30}},"loc":{"start":{"line":194,"column":41},"end":{"line":201,"column":15}},"line":194}},"branchMap":{"0":{"loc":{"start":{"line":62,"column":2},"end":{"line":71,"column":3}},"type":"if","locations":[{"start":{"line":62,"column":2},"end":{"line":71,"column":3}},{"start":{"line":67,"column":9},"end":{"line":71,"column":3}}],"line":62},"1":{"loc":{"start":{"line":124,"column":15},"end":{"line":136,"column":15}},"type":"cond-expr","locations":[{"start":{"line":125,"column":16},"end":{"line":129,"column":18}},{"start":{"line":131,"column":16},"end":{"line":135,"column":18}}],"line":124},"2":{"loc":{"start":{"line":152,"column":13},"end":{"line":164,"column":13}},"type":"cond-expr","locations":[{"start":{"line":153,"column":14},"end":{"line":157,"column":16}},{"start":{"line":159,"column":14},"end":{"line":163,"column":16}}],"line":152},"3":{"loc":{"start":{"line":171,"column":16},"end":{"line":173,"column":50}},"type":"cond-expr","locations":[{"start":{"line":172,"column":20},"end":{"line":172,"column":50}},{"start":{"line":173,"column":20},"end":{"line":173,"column":50}}],"line":171},"4":{"loc":{"start":{"line":179,"column":16},"end":{"line":181,"column":50}},"type":"cond-expr","locations":[{"start":{"line":180,"column":20},"end":{"line":180,"column":50}},{"start":{"line":181,"column":20},"end":{"line":181,"column":50}}],"line":179},"5":{"loc":{"start":{"line":192,"column":13},"end":{"line":201,"column":16}},"type":"binary-expr","locations":[{"start":{"line":192,"column":13},"end":{"line":192,"column":23}},{"start":{"line":194,"column":14},"end":{"line":201,"column":16}}],"line":192},"6":{"loc":{"start":{"line":195,"column":15},"end":{"line":197,"column":17}},"type":"if","locations":[{"start":{"line":195,"column":15},"end":{"line":197,"column":17}},{"start":{},"end":{}}],"line":195},"7":{"loc":{"start":{"line":196,"column":25},"end":{"line":196,"column":65}},"type":"binary-expr","locations":[{"start":{"line":196,"column":25},"end":{"line":196,"column":34}},{"start":{"line":196,"column":38},"end":{"line":196,"column":65}}],"line":196},"8":{"loc":{"start":{"line":198,"column":16},"end":{"line":200,"column":17}},"type":"if","locations":[{"start":{"line":198,"column":16},"end":{"line":200,"column":17}},{"start":{},"end":{}}],"line":198},"9":{"loc":{"start":{"line":198,"column":20},"end":{"line":198,"column":46}},"type":"binary-expr","locations":[{"start":{"line":198,"column":20},"end":{"line":198,"column":29}},{"start":{"line":198,"column":33},"end":{"line":198,"column":46}}],"line":198},"10":{"loc":{"start":{"line":199,"column":25},"end":{"line":199,"column":66}},"type":"binary-expr","locations":[{"start":{"line":199,"column":25},"end":{"line":199,"column":33}},{"start":{"line":199,"column":37},"end":{"line":199,"column":66}}],"line":199}},"s":{"0":2,"1":2,"2":7,"3":7,"4":7,"5":7,"6":6,"7":1,"8":7,"9":7,"10":1,"11":7,"12":5,"13":1,"14":7,"15":1,"16":1,"17":1,"18":1,"19":18,"20":6,"21":12,"22":0},"f":{"0":7,"1":1,"2":5,"3":1,"4":1,"5":1,"6":18},"b":{"0":[6,1],"1":[6,1],"2":[1,6],"3":[6,1],"4":[1,6],"5":[7,7],"6":[6,12],"7":[6,5],"8":[0,12],"9":[12,12],"10":[0,0]},"_coverageSchema":"1a1c01bbd47fc00a2c39e90264f33305004495a9","hash":"92152b0f33beaf1fc5794fdaf975f87958f7d114"}
,"/home/shaiA/Desktop/pro/src/components/pages/BookDetailPage/index.tsx": {"path":"/home/shaiA/Desktop/pro/src/components/pages/BookDetailPage/index.tsx","statementMap":{"0":{"start":{"line":20,"column":23},"end":{"line":33,"column":1}},"1":{"start":{"line":21,"column":2},"end":{"line":32,"column":4}}},"fnMap":{"0":{"name":"(anonymous_0)","decl":{"start":{"line":20,"column":23},"end":{"line":20,"column":24}},"loc":{"start":{"line":20,"column":66},"end":{"line":33,"column":1}},"line":20}},"branchMap":{},"s":{"0":1,"1":1},"f":{"0":1},"b":{},"_coverageSchema":"1a1c01bbd47fc00a2c39e90264f33305004495a9","hash":"1f96bcdb67ed13d7af404257f508ce7ade739d8c"}
,"/home/shaiA/Desktop/pro/src/components/pages/enterpreuner/index.tsx": {"path":"/home/shaiA/Desktop/pro/src/components/pages/enterpreuner/index.tsx","statementMap":{"0":{"start":{"line":17,"column":25},"end":{"line":30,"column":1}},"1":{"start":{"line":18,"column":2},"end":{"line":29,"column":4}}},"fnMap":{"0":{"name":"(anonymous_0)","decl":{"start":{"line":17,"column":25},"end":{"line":17,"column":26}},"loc":{"start":{"line":17,"column":68},"end":{"line":30,"column":1}},"line":17}},"branchMap":{},"s":{"0":1,"1":1},"f":{"0":1},"b":{},"_coverageSchema":"1a1c01bbd47fc00a2c39e90264f33305004495a9","hash":"036e172d367bd8c28b3393cdd4e5d004c5837b91"}
,"/home/shaiA/Desktop/pro/src/components/templates/MyLibrary/index.tsx": {"path":"/home/shaiA/Desktop/pro/src/components/templates/MyLibrary/index.tsx","statementMap":{"0":{"start":{"line":18,"column":18},"end":{"line":33,"column":1}},"1":{"start":{"line":19,"column":2},"end":{"line":32,"column":4}}},"fnMap":{"0":{"name":"(anonymous_0)","decl":{"start":{"line":18,"column":18},"end":{"line":18,"column":19}},"loc":{"start":{"line":18,"column":61},"end":{"line":33,"column":1}},"line":18}},"branchMap":{},"s":{"0":1,"1":1},"f":{"0":1},"b":{},"_coverageSchema":"1a1c01bbd47fc00a2c39e90264f33305004495a9","hash":"26f70ac3295242bc1fbe454ca51ba927c6e1897d"}
,"/home/shaiA/Desktop/pro/src/components/templates/parent template/index.tsx": {"path":"/home/shaiA/Desktop/pro/src/components/templates/parent template/index.tsx","statementMap":{"0":{"start":{"line":4,"column":25},"end":{"line":23,"column":2}},"1":{"start":{"line":29,"column":23},"end":{"line":40,"column":1}},"2":{"start":{"line":30,"column":18},"end":{"line":30,"column":29}},"3":{"start":{"line":31,"column":2},"end":{"line":39,"column":4}}},"fnMap":{"0":{"name":"(anonymous_0)","decl":{"start":{"line":29,"column":23},"end":{"line":29,"column":24}},"loc":{"start":{"line":29,"column":43},"end":{"line":40,"column":1}},"line":29}},"branchMap":{},"s":{"0":3,"1":3,"2":3,"3":3},"f":{"0":3},"b":{},"_coverageSchema":"1a1c01bbd47fc00a2c39e90264f33305004495a9","hash":"e97e2f9cb20651e13d0ff6d0300a85d0c2c5b6eb"}
}
