TN:
SF:src/components/organisms/BookDetailOrganism/index.tsx
FN:107,(anonymous_0)
FN:118,(anonymous_1)
FN:138,(anonymous_2)
FN:143,(anonymous_3)
FN:148,(anonymous_4)
FN:201,(anonymous_5)
FN:210,(anonymous_6)
FN:219,(anonymous_7)
FN:228,(anonymous_8)
FNF:9
FNH:9
FNDA:16,(anonymous_0)
FNDA:28,(anonymous_1)
FNDA:1,(anonymous_2)
FNDA:1,(anonymous_3)
FNDA:45,(anonymous_4)
FNDA:1,(anonymous_5)
FNDA:1,(anonymous_6)
FNDA:1,(anonymous_7)
FNDA:1,(anonymous_8)
DA:10,2
DA:107,2
DA:111,16
DA:112,15
DA:113,15
DA:114,15
DA:116,15
DA:119,28
DA:120,0
DA:124,15
DA:125,15
DA:126,15
DA:127,15
DA:128,15
DA:130,15
DA:131,14
DA:132,14
DA:133,14
DA:134,14
DA:136,15
DA:138,15
DA:139,1
DA:140,1
DA:141,1
DA:143,15
DA:144,1
DA:145,1
DA:146,1
DA:148,15
DA:149,45
DA:161,15
DA:201,1
DA:211,1
DA:220,1
DA:229,1
LF:35
LH:34
BRDA:116,0,0,15
BRDA:116,0,1,15
BRDA:119,1,0,0
BRDA:119,1,1,28
BRDA:130,2,0,14
BRDA:130,2,1,1
BRDA:208,3,0,13
BRDA:208,3,1,2
BRDA:217,4,0,1
BRDA:217,4,1,14
BRDA:226,5,0,1
BRDA:226,5,1,14
BRDA:242,6,0,13
BRDA:242,6,1,2
BRDA:245,7,0,1
BRDA:245,7,1,14
BRDA:248,8,0,1
BRDA:248,8,1,14
BRDA:253,9,0,13
BRDA:253,9,1,2
BRDA:269,10,0,1
BRDA:269,10,1,14
BRDA:280,11,0,1
BRDA:280,11,1,14
BRF:24
BRH:23
end_of_record
TN:
SF:src/components/organisms/footer/index.tsx
FN:4,(anonymous_0)
FN:50,(anonymous_1)
FNF:2
FNH:2
FNDA:4,(anonymous_0)
FNDA:16,(anonymous_1)
DA:4,4
DA:5,4
DA:50,4
DA:51,16
DA:52,4
DA:59,12
DA:60,12
DA:73,4
DA:74,4
LF:9
LH:9
BRDA:51,0,0,4
BRDA:51,0,1,12
BRDA:59,1,0,12
BRDA:59,1,1,0
BRF:4
BRH:3
end_of_record
