TN:
SF:src/components/atoms/icons/index.tsx
FN:4,(anonymous_0)
FNF:1
FNH:1
FNDA:23,(anonymous_0)
DA:4,5
DA:5,23
LF:2
LH:2
BRF:0
BRH:0
end_of_record
TN:
SF:src/components/atoms/images/index.tsx
FN:7,(anonymous_0)
FNF:1
FNH:1
FNDA:44,(anonymous_0)
DA:7,10
DA:8,44
DA:12,44
LF:3
LH:3
BRF:0
BRH:0
end_of_record
TN:
SF:src/components/atoms/text/index.tsx
FN:14,(anonymous_0)
FNF:1
FNH:1
FNDA:507,(anonymous_0)
DA:14,13
DA:15,507
DA:23,507
DA:24,507
LF:4
LH:4
BRF:0
BRH:0
end_of_record
TN:
SF:src/components/molecules/BookDetail/index.tsx
FN:21,(anonymous_0)
FNF:1
FNH:1
FNDA:15,(anonymous_0)
DA:8,3
DA:21,3
DA:29,15
DA:30,15
DA:31,15
DA:32,15
LF:6
LH:6
BRF:0
BRH:0
end_of_record
TN:
SF:src/components/molecules/LogOUtButton/index.tsx
FN:8,(anonymous_0)
FNF:1
FNH:0
FNDA:0,(anonymous_0)
DA:8,4
DA:9,0
LF:2
LH:1
BRDA:10,0,0,0
BRDA:10,0,1,0
BRF:2
BRH:0
end_of_record
TN:
SF:src/components/molecules/LoginButton/index.tsx
FN:6,(anonymous_0)
FNF:1
FNH:1
FNDA:11,(anonymous_0)
DA:6,4
DA:7,11
DA:8,11
LF:3
LH:3
BRF:0
BRH:0
end_of_record
TN:
SF:src/components/molecules/ReadAgain/index.tsx
FN:5,(anonymous_0)
FNF:1
FNH:0
FNDA:0,(anonymous_0)
DA:5,5
DA:6,0
DA:21,0
DA:22,0
LF:4
LH:1
BRF:0
BRH:0
end_of_record
TN:
SF:src/components/molecules/banner/index.tsx
FN:30,(anonymous_0)
FNF:1
FNH:1
FNDA:13,(anonymous_0)
DA:5,3
DA:30,3
DA:31,13
DA:32,13
LF:4
LH:4
BRF:0
BRH:0
end_of_record
TN:
SF:src/components/molecules/bookCard/index.tsx
FN:70,(anonymous_0)
FNF:1
FNH:1
FNDA:42,(anonymous_0)
DA:19,5
DA:70,5
DA:71,42
DA:73,42
DA:74,4
DA:76,42
DA:77,5
DA:79,42
DA:80,0
DA:82,42
DA:83,33
DA:85,42
DA:86,42
DA:87,25
DA:100,42
LF:15
LH:14
BRDA:73,0,0,4
BRDA:73,0,1,38
BRDA:76,1,0,5
BRDA:76,1,1,37
BRDA:79,2,0,0
BRDA:79,2,1,42
BRDA:82,3,0,33
BRDA:82,3,1,9
BRDA:86,4,0,25
BRDA:86,4,1,17
BRF:10
BRH:9
end_of_record
TN:
SF:src/components/molecules/finished/index.tsx
FN:6,(anonymous_0)
FNF:1
FNH:1
FNDA:5,(anonymous_0)
DA:6,5
DA:7,5
DA:33,5
DA:34,5
LF:4
LH:4
BRF:0
BRH:0
end_of_record
TN:
SF:src/components/molecules/nonHoverButton/index.tsx
FN:7,(anonymous_0)
FNF:1
FNH:1
FNDA:33,(anonymous_0)
DA:7,5
DA:8,33
DA:38,33
DA:40,33
LF:4
LH:4
BRF:0
BRH:0
end_of_record
TN:
SF:src/components/molecules/normalCardBottom/index.tsx
FN:6,(anonymous_0)
FNF:1
FNH:1
FNDA:4,(anonymous_0)
DA:6,5
DA:7,4
DA:29,4
DA:30,4
LF:4
LH:4
BRF:0
BRH:0
end_of_record
TN:
SF:src/components/organisms/Accounts/index.tsx
FN:28,AccountMenu
FN:34,(anonymous_1)
FN:37,(anonymous_2)
FNF:3
FNH:1
FNDA:11,AccountMenu
FNDA:0,(anonymous_1)
FNDA:0,(anonymous_2)
DA:9,4
DA:29,11
DA:30,11
DA:33,11
DA:34,11
DA:35,0
DA:37,11
DA:38,0
DA:40,11
DA:41,11
LF:10
LH:8
BRDA:49,0,0,0
BRDA:49,0,1,11
BRDA:77,1,0,11
BRDA:77,1,1,0
BRF:4
BRH:2
end_of_record
TN:
SF:src/components/organisms/BookDetailOrganism/index.tsx
FN:124,(anonymous_0)
FN:135,(anonymous_1)
FN:155,(anonymous_2)
FN:160,(anonymous_3)
FN:165,(anonymous_4)
FN:222,(anonymous_5)
FN:231,(anonymous_6)
FN:240,(anonymous_7)
FN:249,(anonymous_8)
FNF:9
FNH:9
FNDA:15,(anonymous_0)
FNDA:28,(anonymous_1)
FNDA:1,(anonymous_2)
FNDA:1,(anonymous_3)
FNDA:45,(anonymous_4)
FNDA:1,(anonymous_5)
FNDA:1,(anonymous_6)
FNDA:1,(anonymous_7)
FNDA:1,(anonymous_8)
DA:10,2
DA:124,2
DA:128,15
DA:129,15
DA:130,15
DA:131,15
DA:133,15
DA:136,28
DA:137,0
DA:141,15
DA:142,15
DA:143,15
DA:144,15
DA:145,15
DA:147,15
DA:148,14
DA:149,14
DA:150,14
DA:151,14
DA:153,15
DA:155,15
DA:156,1
DA:157,1
DA:158,1
DA:160,15
DA:161,1
DA:162,1
DA:163,1
DA:165,15
DA:166,45
DA:180,15
DA:222,1
DA:232,1
DA:241,1
DA:250,1
LF:35
LH:34
BRDA:133,0,0,15
BRDA:133,0,1,15
BRDA:136,1,0,0
BRDA:136,1,1,28
BRDA:147,2,0,14
BRDA:147,2,1,1
BRDA:184,3,0,15
BRDA:184,3,1,14
BRDA:229,4,0,13
BRDA:229,4,1,2
BRDA:238,5,0,1
BRDA:238,5,1,14
BRDA:247,6,0,1
BRDA:247,6,1,14
BRDA:263,7,0,13
BRDA:263,7,1,2
BRDA:266,8,0,1
BRDA:266,8,1,14
BRDA:269,9,0,1
BRDA:269,9,1,14
BRDA:274,10,0,13
BRDA:274,10,1,2
BRDA:290,11,0,1
BRDA:290,11,1,14
BRDA:301,12,0,1
BRDA:301,12,1,14
BRF:26
BRH:25
end_of_record
TN:
SF:src/components/organisms/EntrepreneurOrganism/index.tsx
FN:50,(anonymous_0)
FN:56,(anonymous_1)
FN:60,(anonymous_2)
FN:102,(anonymous_3)
FN:103,(anonymous_4)
FN:106,(anonymous_5)
FN:140,(anonymous_6)
FN:141,(anonymous_7)
FN:143,(anonymous_8)
FN:177,(anonymous_9)
FN:178,(anonymous_10)
FN:181,(anonymous_11)
FN:212,(anonymous_12)
FN:216,(anonymous_13)
FN:219,(anonymous_14)
FNF:15
FNH:14
FNDA:10,(anonymous_0)
FNDA:1,(anonymous_1)
FNDA:4,(anonymous_2)
FNDA:32,(anonymous_3)
FNDA:16,(anonymous_4)
FNDA:2,(anonymous_5)
FNDA:32,(anonymous_6)
FNDA:8,(anonymous_7)
FNDA:1,(anonymous_8)
FNDA:32,(anonymous_9)
FNDA:8,(anonymous_10)
FNDA:1,(anonymous_11)
FNDA:4,(anonymous_12)
FNDA:1,(anonymous_13)
FNDA:0,(anonymous_14)
DA:17,2
DA:50,2
DA:51,10
DA:54,10
DA:55,10
DA:56,10
DA:57,1
DA:58,1
DA:60,10
DA:61,4
DA:64,10
DA:102,32
DA:104,16
DA:106,2
DA:140,32
DA:142,8
DA:143,1
DA:177,32
DA:179,8
DA:181,1
DA:213,4
DA:217,1
DA:219,0
LF:23
LH:22
BRDA:89,0,0,9
BRDA:89,0,1,1
BRDA:100,1,0,9
BRDA:100,1,1,9
BRDA:102,2,0,32
BRDA:102,2,1,24
BRDA:106,3,0,0
BRDA:106,3,1,2
BRDA:116,4,0,0
BRDA:116,4,1,16
BRDA:138,5,0,9
BRDA:138,5,1,9
BRDA:143,6,0,0
BRDA:143,6,1,1
BRDA:154,7,0,0
BRDA:154,7,1,8
BRDA:175,8,0,9
BRDA:175,8,1,9
BRDA:181,9,0,0
BRDA:181,9,1,1
BRDA:190,10,0,0
BRDA:190,10,1,8
BRDA:209,11,0,1
BRDA:209,11,1,1
BRDA:213,12,0,4
BRDA:213,12,1,4
BRDA:219,13,0,0
BRDA:219,13,1,0
BRDA:227,14,0,0
BRDA:227,14,1,1
BRF:30
BRH:21
end_of_record
TN:
SF:src/components/organisms/footer/index.tsx
FN:4,(anonymous_0)
FN:56,(anonymous_1)
FNF:2
FNH:2
FNDA:4,(anonymous_0)
FNDA:16,(anonymous_1)
DA:4,4
DA:5,4
DA:56,4
DA:57,16
DA:58,4
DA:65,12
DA:66,12
DA:79,4
DA:80,4
LF:9
LH:9
BRDA:57,0,0,4
BRDA:57,0,1,12
BRDA:65,1,0,12
BRDA:65,1,1,0
BRF:4
BRH:3
end_of_record
TN:
SF:src/components/organisms/header/index.tsx
FN:11,(anonymous_0)
FN:54,(anonymous_1)
FN:72,(anonymous_2)
FN:92,(anonymous_3)
FNF:4
FNH:4
FNDA:11,(anonymous_0)
FNDA:1,(anonymous_1)
FNDA:1,(anonymous_2)
FNDA:1,(anonymous_3)
DA:11,4
DA:12,11
DA:13,11
DA:15,11
DA:46,11
DA:48,11
DA:54,1
DA:73,1
DA:92,1
LF:9
LH:9
BRDA:73,0,0,0
BRDA:73,0,1,1
BRDA:106,1,0,1
BRDA:106,1,1,10
BRF:4
BRH:3
end_of_record
TN:
SF:src/components/organisms/headerPopup/index.tsx
FN:20,(anonymous_0)
FN:108,(anonymous_1)
FNF:2
FNH:2
FNDA:4,(anonymous_0)
FNDA:1,(anonymous_1)
DA:20,5
DA:21,4
DA:22,4
DA:57,4
DA:58,4
DA:108,1
LF:6
LH:6
BRF:0
BRH:0
end_of_record
TN:
SF:src/components/organisms/myLibrary/index.tsx
FN:57,(anonymous_0)
FN:73,(anonymous_1)
FN:77,(anonymous_2)
FN:87,(anonymous_3)
FN:116,(anonymous_4)
FN:143,(anonymous_5)
FN:194,(anonymous_6)
FNF:7
FNH:7
FNDA:7,(anonymous_0)
FNDA:1,(anonymous_1)
FNDA:5,(anonymous_2)
FNDA:1,(anonymous_3)
FNDA:1,(anonymous_4)
FNDA:1,(anonymous_5)
FNDA:18,(anonymous_6)
DA:10,2
DA:57,2
DA:58,7
DA:59,7
DA:60,7
DA:62,7
DA:63,6
DA:68,1
DA:72,7
DA:73,7
DA:74,1
DA:77,7
DA:78,5
DA:87,1
DA:101,7
DA:117,1
DA:118,1
DA:144,1
DA:145,1
DA:195,18
DA:196,6
DA:198,12
DA:199,0
LF:23
LH:22
BRDA:62,0,0,6
BRDA:62,0,1,1
BRDA:124,1,0,6
BRDA:124,1,1,1
BRDA:152,2,0,1
BRDA:152,2,1,6
BRDA:171,3,0,6
BRDA:171,3,1,1
BRDA:179,4,0,1
BRDA:179,4,1,6
BRDA:192,5,0,7
BRDA:192,5,1,7
BRDA:195,6,0,6
BRDA:195,6,1,12
BRDA:196,7,0,6
BRDA:196,7,1,5
BRDA:198,8,0,0
BRDA:198,8,1,12
BRDA:198,9,0,12
BRDA:198,9,1,12
BRDA:199,10,0,0
BRDA:199,10,1,0
BRF:22
BRH:19
end_of_record
TN:
SF:src/components/pages/BookDetailPage/index.tsx
FN:20,(anonymous_0)
FNF:1
FNH:1
FNDA:1,(anonymous_0)
DA:20,1
DA:21,1
LF:2
LH:2
BRF:0
BRH:0
end_of_record
TN:
SF:src/components/pages/enterpreuner/index.tsx
FN:17,(anonymous_0)
FNF:1
FNH:1
FNDA:1,(anonymous_0)
DA:17,1
DA:18,1
LF:2
LH:2
BRF:0
BRH:0
end_of_record
TN:
SF:src/components/templates/MyLibrary/index.tsx
FN:18,(anonymous_0)
FNF:1
FNH:1
FNDA:1,(anonymous_0)
DA:18,1
DA:19,1
LF:2
LH:2
BRF:0
BRH:0
end_of_record
TN:
SF:src/components/templates/parent template/index.tsx
FN:29,(anonymous_0)
FNF:1
FNH:1
FNDA:3,(anonymous_0)
DA:4,3
DA:29,3
DA:30,3
DA:31,3
LF:4
LH:4
BRF:0
BRH:0
end_of_record
